<?xml version="1.0" encoding="UTF-8"?>
<!-- Generated by org.testng.reporters.JUnitXMLReporter -->
<testsuite hostname="DESKTOP-41LHH59" ignored="0" name="Default test" tests="2" failures="0" timestamp="25 May 2022 05:54:55 GMT" time="142.718" errors="0">
  <testcase name="runScenario" time="84.657" classname="io.cucumber.testng.AbstractTestNGCucumberTests"/>
  <testcase name="runScenario" time="44.721" classname="io.cucumber.testng.AbstractTestNGCucumberTests"/>
</testsuite> <!-- Default test -->
