<?xml version="1.0" encoding="UTF-8"?>
<testng-results skipped="0" failed="0" ignored="0" total="2" passed="2">
  <reporter-output>
  </reporter-output>
  <suite name="Default suite" duration-ms="142718" started-at="2022-05-25T05:52:32Z" finished-at="2022-05-25T05:54:55Z">
    <groups>
      <group name="cucumber">
        <method signature="AbstractTestNGCucumberTests.runScenario(io.cucumber.testng.PickleWrapper, io.cucumber.testng.FeatureWrapper)[pri:0, instance:runner.GooglePageRunner@2b9627bc]" name="runScenario" class="io.cucumber.testng.AbstractTestNGCucumberTests"/>
      </group> <!-- cucumber -->
    </groups>
    <test name="Default test" duration-ms="142718" started-at="2022-05-25T05:52:32Z" finished-at="2022-05-25T05:54:55Z">
      <class name="runner.GooglePageRunner">
        <test-method status="PASS" signature="setUpClass(org.testng.ITestContext)[pri:0, instance:runner.GooglePageRunner@2b9627bc]" name="setUpClass" is-config="true" duration-ms="5207" started-at="2022-05-25T11:22:32Z" finished-at="2022-05-25T11:22:37Z">
          <params>
            <param index="0">
              <value>
                <![CDATA[org.testng.TestRunner@ef1695a]]>
              </value>
            </param>
          </params>
          <reporter-output>
          </reporter-output>
        </test-method> <!-- setUpClass -->
        <test-method status="PASS" signature="runScenario(io.cucumber.testng.PickleWrapper, io.cucumber.testng.FeatureWrapper)[pri:0, instance:runner.GooglePageRunner@2b9627bc]" name="runScenario" duration-ms="84657" started-at="2022-05-25T11:22:37Z" description="Runs Cucumber Scenarios" data-provider="scenarios" finished-at="2022-05-25T11:24:02Z">
          <params>
            <param index="0">
              <value>
                <![CDATA["Java Search"]]>
              </value>
            </param>
            <param index="1">
              <value>
                <![CDATA["GooglePage Function"]]>
              </value>
            </param>
          </params>
          <reporter-output>
          </reporter-output>
        </test-method> <!-- runScenario -->
        <test-method status="PASS" signature="runScenario(io.cucumber.testng.PickleWrapper, io.cucumber.testng.FeatureWrapper)[pri:0, instance:runner.GooglePageRunner@2b9627bc]" name="runScenario" duration-ms="44721" started-at="2022-05-25T11:24:02Z" description="Runs Cucumber Scenarios" data-provider="scenarios" finished-at="2022-05-25T11:24:47Z">
          <params>
            <param index="0">
              <value>
                <![CDATA["Python Search"]]>
              </value>
            </param>
            <param index="1">
              <value>
                <![CDATA["GooglePage Function"]]>
              </value>
            </param>
          </params>
          <reporter-output>
          </reporter-output>
        </test-method> <!-- runScenario -->
        <test-method status="PASS" signature="tearDownClass()[pri:0, instance:runner.GooglePageRunner@2b9627bc]" name="tearDownClass" is-config="true" duration-ms="7966" started-at="2022-05-25T11:24:47Z" finished-at="2022-05-25T11:24:55Z">
          <reporter-output>
          </reporter-output>
        </test-method> <!-- tearDownClass -->
      </class> <!-- runner.GooglePageRunner -->
    </test> <!-- Default test -->
  </suite> <!-- Default suite -->
</testng-results>
